\BOOKMARK [0][-]{dummy.1}{\376\377\000A\000b\000s\000t\000r\000a\000c\000t}{}% 1
\BOOKMARK [0][-]{dummy.3}{\376\377\000L\000i\000s\000t\000\040\000o\000f\000\040\000F\000i\000g\000u\000r\000e\000s}{}% 2
\BOOKMARK [0][-]{chapter*.5}{\376\377\000A\000b\000b\000r\000e\000v\000i\000a\000t\000i\000o\000n\000s}{}% 3
\BOOKMARK [0][-]{chapter.6}{\376\377\0001\000\040\000I\000n\000t\000r\000o\000d\000u\000c\000t\000i\000o\000n}{}% 4
\BOOKMARK [0][-]{chapter.7}{\376\377\0002\000\040\000E\000l\000e\000m\000e\000n\000t\000s\000\040\000o\000f\000\040\000a\000\040\000r\000e\000s\000t\000a\000u\000r\000a\000n\000t\000\040\000l\000o\000c\000a\000t\000i\000o\000n\000\040\000a\000n\000a\000l\000y\000s\000i\000s}{}% 5
\BOOKMARK [0][-]{chapter.8}{\376\377\0003\000\040\000D\000a\000t\000a\000\040\000S\000o\000u\000r\000c\000e\000s}{}% 6
\BOOKMARK [1][-]{section.9}{\376\377\0003\000.\0001\000\040\000T\000r\000a\000n\000s\000p\000a\000r\000e\000n\000c\000y\000\040\000P\000o\000r\000t\000a\000l\000\040\000H\000a\000m\000b\000u\000r\000g}{chapter.8}% 7
\BOOKMARK [1][-]{section.11}{\376\377\0003\000.\0002\000\040\000Y\000e\000l\000p}{chapter.8}% 8
\BOOKMARK [0][-]{chapter.12}{\376\377\0004\000\040\000A\000n\000a\000l\000y\000s\000i\000s\000\040\000M\000e\000t\000h\000o\000d\000s}{}% 9
\BOOKMARK [1][-]{section.13}{\376\377\0004\000.\0001\000\040\000R\000a\000n\000d\000o\000m\000\040\000F\000o\000r\000e\000s\000t\000\040\000R\000e\000g\000r\000e\000s\000s\000i\000o\000n}{chapter.12}% 10
\BOOKMARK [1][-]{section.14}{\376\377\0004\000.\0002\000\040\000P\000e\000r\000f\000o\000r\000m\000a\000n\000c\000e\000\040\000M\000e\000a\000s\000u\000r\000e\000s}{chapter.12}% 11
\BOOKMARK [0][-]{chapter.15}{\376\377\0005\000\040\000D\000a\000t\000a\000\040\000E\000x\000t\000r\000a\000c\000t\000i\000o\000n}{}% 12
\BOOKMARK [1][-]{section.16}{\376\377\0005\000.\0001\000\040\000Y\000e\000l\000p\000\040\000R\000e\000s\000t\000a\000u\000r\000a\000n\000t\000\040\000D\000a\000t\000a\000\040\000E\000x\000t\000r\000a\000c\000t\000i\000o\000n}{chapter.15}% 13
\BOOKMARK [1][-]{section.17}{\376\377\0005\000.\0002\000\040\000H\000a\000m\000b\000u\000r\000g\000\040\000D\000i\000s\000t\000r\000i\000c\000t\000\040\000M\000a\000p}{chapter.15}% 14
\BOOKMARK [1][-]{section.22}{\376\377\0005\000.\0003\000\040\000S\000o\000c\000i\000a\000l\000\040\000V\000a\000l\000u\000e\000s}{chapter.15}% 15
\BOOKMARK [1][-]{section.23}{\376\377\0005\000.\0004\000\040\000P\000r\000o\000x\000i\000m\000i\000t\000y\000\040\000t\000o\000\040\000W\000a\000t\000e\000r}{chapter.15}% 16
\BOOKMARK [0][-]{chapter.24}{\376\377\0006\000\040\000M\000a\000c\000h\000i\000n\000e\000\040\000L\000e\000a\000r\000n\000i\000n\000g}{}% 17
\BOOKMARK [1][-]{section.25}{\376\377\0006\000.\0001\000\040\000E\000x\000p\000l\000o\000r\000a\000t\000o\000r\000y\000\040\000D\000a\000t\000a\000\040\000A\000n\000a\000l\000y\000s\000i\000s}{chapter.24}% 18
\BOOKMARK [1][-]{section.26}{\376\377\0006\000.\0002\000\040\000D\000a\000t\000a\000\040\000P\000r\000e\000p\000r\000o\000c\000e\000s\000s\000i\000n\000g}{chapter.24}% 19
\BOOKMARK [2][-]{subsection.27}{\376\377\0006\000.\0002\000.\0001\000\040\000H\000a\000n\000d\000l\000i\000n\000g\000\040\000o\000f\000\040\000M\000i\000s\000s\000i\000n\000g\000\040\000V\000a\000l\000u\000e\000s}{section.26}% 20
\BOOKMARK [2][-]{subsection.28}{\376\377\0006\000.\0002\000.\0002\000\040\000F\000e\000a\000t\000u\000r\000e\000\040\000S\000u\000b\000s\000e\000t\000\040\000S\000e\000l\000e\000c\000t\000i\000o\000n}{section.26}% 21
\BOOKMARK [2][-]{subsection.29}{\376\377\0006\000.\0002\000.\0003\000\040\000D\000i\000m\000e\000n\000s\000i\000o\000n\000a\000l\000i\000t\000y\000\040\000R\000e\000d\000u\000c\000t\000i\000o\000n}{section.26}% 22
\BOOKMARK [1][-]{section.30}{\376\377\0006\000.\0003\000\040\000D\000a\000t\000a\000\040\000A\000n\000a\000l\000y\000s\000i\000s}{chapter.24}% 23
\BOOKMARK [0][-]{chapter.31}{\376\377\0007\000\040\000R\000e\000s\000u\000l\000t\000s\000\040\000a\000n\000d\000\040\000D\000i\000s\000c\000u\000s\000s\000i\000o\000n}{}% 24
\BOOKMARK [1][-]{section.32}{\376\377\0007\000.\0001\000\040\000R\000e\000s\000u\000l\000t\000s}{chapter.31}% 25
\BOOKMARK [1][-]{section.33}{\376\377\0007\000.\0002\000\040\000D\000i\000s\000c\000u\000s\000s\000i\000o\000n}{chapter.31}% 26
\BOOKMARK [0][-]{chapter.34}{\376\377\0008\000\040\000C\000o\000n\000c\000l\000u\000s\000i\000o\000n}{}% 27
